[2023-12-24 10:59:01,696] INFO django.utils.autoreload (668) Watching for file changes with StatReloader
[2023-12-24 10:59:03,786] ERROR django.request (241) Internal Server Error: /
Traceback (most recent call last):
  File "/home/mack/git/ed_portal/venv/lib/python3.10/site-packages/django/contrib/sessions/backends/base.py", line 187, in _get_session
    return self._session_cache
AttributeError: 'SessionStore' object has no attribute '_session_cache'

During handling of the above exception, another exception occurred:

Traceback (most recent call last):
  File "/home/mack/git/ed_portal/venv/lib/python3.10/site-packages/django/db/backends/utils.py", line 89, in _execute
    return self.cursor.execute(sql, params)
  File "/home/mack/git/ed_portal/venv/lib/python3.10/site-packages/django/db/backends/sqlite3/base.py", line 328, in execute
    return super().execute(query, params)
sqlite3.OperationalError: no such table: django_session

The above exception was the direct cause of the following exception:

Traceback (most recent call last):
  File "/home/mack/git/ed_portal/venv/lib/python3.10/site-packages/django/core/handlers/exception.py", line 55, in inner
    response = get_response(request)
  File "/home/mack/git/ed_portal/venv/lib/python3.10/site-packages/debug_toolbar/middleware.py", line 69, in __call__
    panel.generate_stats(request, response)
  File "/home/mack/git/ed_portal/venv/lib/python3.10/site-packages/debug_toolbar/panels/request.py", line 64, in generate_stats
    (k, request.session.get(k)) for k in sorted(request.session.keys())
  File "/home/mack/git/ed_portal/venv/lib/python3.10/site-packages/django/contrib/sessions/backends/base.py", line 123, in keys
    return self._session.keys()
  File "/home/mack/git/ed_portal/venv/lib/python3.10/site-packages/django/contrib/sessions/backends/base.py", line 192, in _get_session
    self._session_cache = self.load()
  File "/home/mack/git/ed_portal/venv/lib/python3.10/site-packages/django/contrib/sessions/backends/db.py", line 42, in load
    s = self._get_session_from_db()
  File "/home/mack/git/ed_portal/venv/lib/python3.10/site-packages/django/contrib/sessions/backends/db.py", line 32, in _get_session_from_db
    return self.model.objects.get(
  File "/home/mack/git/ed_portal/venv/lib/python3.10/site-packages/django/db/models/manager.py", line 87, in manager_method
    return getattr(self.get_queryset(), name)(*args, **kwargs)
  File "/home/mack/git/ed_portal/venv/lib/python3.10/site-packages/django/db/models/query.py", line 633, in get
    num = len(clone)
  File "/home/mack/git/ed_portal/venv/lib/python3.10/site-packages/django/db/models/query.py", line 380, in __len__
    self._fetch_all()
  File "/home/mack/git/ed_portal/venv/lib/python3.10/site-packages/django/db/models/query.py", line 1881, in _fetch_all
    self._result_cache = list(self._iterable_class(self))
  File "/home/mack/git/ed_portal/venv/lib/python3.10/site-packages/django/db/models/query.py", line 91, in __iter__
    results = compiler.execute_sql(
  File "/home/mack/git/ed_portal/venv/lib/python3.10/site-packages/django/db/models/sql/compiler.py", line 1562, in execute_sql
    cursor.execute(sql, params)
  File "/home/mack/git/ed_portal/venv/lib/python3.10/site-packages/django/db/backends/utils.py", line 102, in execute
    return super().execute(sql, params)
  File "/home/mack/git/ed_portal/venv/lib/python3.10/site-packages/django/db/backends/utils.py", line 67, in execute
    return self._execute_with_wrappers(
  File "/home/mack/git/ed_portal/venv/lib/python3.10/site-packages/django/db/backends/utils.py", line 80, in _execute_with_wrappers
    return executor(sql, params, many, context)
  File "/home/mack/git/ed_portal/venv/lib/python3.10/site-packages/django/db/backends/utils.py", line 84, in _execute
    with self.db.wrap_database_errors:
  File "/home/mack/git/ed_portal/venv/lib/python3.10/site-packages/django/db/utils.py", line 91, in __exit__
    raise dj_exc_value.with_traceback(traceback) from exc_value
  File "/home/mack/git/ed_portal/venv/lib/python3.10/site-packages/django/db/backends/utils.py", line 89, in _execute
    return self.cursor.execute(sql, params)
  File "/home/mack/git/ed_portal/venv/lib/python3.10/site-packages/django/db/backends/sqlite3/base.py", line 328, in execute
    return super().execute(query, params)
django.db.utils.OperationalError: no such table: django_session
[2023-12-24 10:59:03,788] ERROR django.server (212) "GET / HTTP/1.1" 500 157742
[2023-12-24 10:59:04,070] ERROR django.request (241) Internal Server Error: /favicon.ico
Traceback (most recent call last):
  File "/home/mack/git/ed_portal/venv/lib/python3.10/site-packages/django/contrib/sessions/backends/base.py", line 187, in _get_session
    return self._session_cache
AttributeError: 'SessionStore' object has no attribute '_session_cache'

During handling of the above exception, another exception occurred:

Traceback (most recent call last):
  File "/home/mack/git/ed_portal/venv/lib/python3.10/site-packages/django/db/backends/utils.py", line 89, in _execute
    return self.cursor.execute(sql, params)
  File "/home/mack/git/ed_portal/venv/lib/python3.10/site-packages/django/db/backends/sqlite3/base.py", line 328, in execute
    return super().execute(query, params)
sqlite3.OperationalError: no such table: django_session

The above exception was the direct cause of the following exception:

Traceback (most recent call last):
  File "/home/mack/git/ed_portal/venv/lib/python3.10/site-packages/django/core/handlers/exception.py", line 55, in inner
    response = get_response(request)
  File "/home/mack/git/ed_portal/venv/lib/python3.10/site-packages/debug_toolbar/middleware.py", line 69, in __call__
    panel.generate_stats(request, response)
  File "/home/mack/git/ed_portal/venv/lib/python3.10/site-packages/debug_toolbar/panels/request.py", line 64, in generate_stats
    (k, request.session.get(k)) for k in sorted(request.session.keys())
  File "/home/mack/git/ed_portal/venv/lib/python3.10/site-packages/django/contrib/sessions/backends/base.py", line 123, in keys
    return self._session.keys()
  File "/home/mack/git/ed_portal/venv/lib/python3.10/site-packages/django/contrib/sessions/backends/base.py", line 192, in _get_session
    self._session_cache = self.load()
  File "/home/mack/git/ed_portal/venv/lib/python3.10/site-packages/django/contrib/sessions/backends/db.py", line 42, in load
    s = self._get_session_from_db()
  File "/home/mack/git/ed_portal/venv/lib/python3.10/site-packages/django/contrib/sessions/backends/db.py", line 32, in _get_session_from_db
    return self.model.objects.get(
  File "/home/mack/git/ed_portal/venv/lib/python3.10/site-packages/django/db/models/manager.py", line 87, in manager_method
    return getattr(self.get_queryset(), name)(*args, **kwargs)
  File "/home/mack/git/ed_portal/venv/lib/python3.10/site-packages/django/db/models/query.py", line 633, in get
    num = len(clone)
  File "/home/mack/git/ed_portal/venv/lib/python3.10/site-packages/django/db/models/query.py", line 380, in __len__
    self._fetch_all()
  File "/home/mack/git/ed_portal/venv/lib/python3.10/site-packages/django/db/models/query.py", line 1881, in _fetch_all
    self._result_cache = list(self._iterable_class(self))
  File "/home/mack/git/ed_portal/venv/lib/python3.10/site-packages/django/db/models/query.py", line 91, in __iter__
    results = compiler.execute_sql(
  File "/home/mack/git/ed_portal/venv/lib/python3.10/site-packages/django/db/models/sql/compiler.py", line 1562, in execute_sql
    cursor.execute(sql, params)
  File "/home/mack/git/ed_portal/venv/lib/python3.10/site-packages/django/db/backends/utils.py", line 102, in execute
    return super().execute(sql, params)
  File "/home/mack/git/ed_portal/venv/lib/python3.10/site-packages/django/db/backends/utils.py", line 67, in execute
    return self._execute_with_wrappers(
  File "/home/mack/git/ed_portal/venv/lib/python3.10/site-packages/django/db/backends/utils.py", line 80, in _execute_with_wrappers
    return executor(sql, params, many, context)
  File "/home/mack/git/ed_portal/venv/lib/python3.10/site-packages/django/db/backends/utils.py", line 84, in _execute
    with self.db.wrap_database_errors:
  File "/home/mack/git/ed_portal/venv/lib/python3.10/site-packages/django/db/utils.py", line 91, in __exit__
    raise dj_exc_value.with_traceback(traceback) from exc_value
  File "/home/mack/git/ed_portal/venv/lib/python3.10/site-packages/django/db/backends/utils.py", line 89, in _execute
    return self.cursor.execute(sql, params)
  File "/home/mack/git/ed_portal/venv/lib/python3.10/site-packages/django/db/backends/sqlite3/base.py", line 328, in execute
    return super().execute(query, params)
django.db.utils.OperationalError: no such table: django_session
[2023-12-24 10:59:04,071] ERROR django.server (212) "GET /favicon.ico HTTP/1.1" 500 156471
[2023-12-24 10:59:35,882] INFO django.utils.autoreload (668) Watching for file changes with StatReloader
[2023-12-24 10:59:37,299] INFO django.server (212) "GET / HTTP/1.1" 302 0
[2023-12-24 10:59:37,371] INFO django.server (212) "GET /mainapp/ HTTP/1.1" 200 21178
[2023-12-24 10:59:37,842] WARNING django.request (241) Not Found: /favicon.ico
[2023-12-24 10:59:37,843] WARNING django.server (212) "GET /favicon.ico HTTP/1.1" 404 13009
[2023-12-24 10:59:38,808] INFO django.server (212) "GET /mainapp/news/ HTTP/1.1" 200 16930
[2023-12-24 10:59:39,503] INFO django.server (212) "GET /mainapp/courses/ HTTP/1.1" 200 16229
[2023-12-24 10:59:41,230] INFO django.server (212) "GET /mainapp/news/ HTTP/1.1" 200 16930
[2023-12-24 11:00:47,335] INFO django.utils.autoreload (668) Watching for file changes with StatReloader
[2023-12-24 11:00:52,211] INFO django.server (212) "GET /mainapp/news/ HTTP/1.1" 200 20402
[2023-12-24 11:00:55,188] INFO django.server (212) "GET /mainapp/news/ HTTP/1.1" 200 20402
[2023-12-24 11:00:55,570] INFO django.server (212) "GET /mainapp/ HTTP/1.1" 200 21176
[2023-12-24 11:00:57,622] INFO django.server (212) "GET /mainapp/courses/ HTTP/1.1" 200 16187
[2023-12-24 11:00:59,572] INFO django.server (212) "POST /i18n/setlang/ HTTP/1.1" 302 0
[2023-12-24 11:00:59,613] INFO django.server (212) "GET /mainapp/courses/ HTTP/1.1" 200 17379
[2023-12-24 11:01:02,152] INFO django.server (212) "POST /i18n/setlang/ HTTP/1.1" 302 0
[2023-12-24 11:01:02,175] INFO django.server (212) "GET /mainapp/courses/ HTTP/1.1" 200 16187
[2023-12-24 11:01:03,624] INFO django.server (212) "POST /i18n/setlang/ HTTP/1.1" 302 0
[2023-12-24 11:01:03,646] INFO django.server (212) "GET /mainapp/courses/ HTTP/1.1" 200 17334
[2023-12-24 11:01:06,706] INFO django.server (212) "GET /mainapp/news/ HTTP/1.1" 200 19588
[2023-12-24 11:01:08,302] INFO django.server (212) "POST /i18n/setlang/ HTTP/1.1" 302 0
[2023-12-24 11:01:08,325] INFO django.server (212) "GET /mainapp/courses/ HTTP/1.1" 200 16187
[2023-12-24 11:01:12,558] INFO django.server (212) "GET /mainapp/news/ HTTP/1.1" 200 20402
[2023-12-24 11:01:14,196] INFO django.server (212) "GET /mainapp/news/?page=2 HTTP/1.1" 200 17743
[2023-12-24 11:01:16,705] INFO django.server (212) "POST /i18n/setlang/ HTTP/1.1" 302 0
[2023-12-24 11:01:16,729] INFO django.server (212) "GET /mainapp/courses/ HTTP/1.1" 200 17334
[2023-12-24 11:01:21,212] INFO django.server (212) "GET /mainapp/news/ HTTP/1.1" 200 19588
[2023-12-24 11:01:23,440] INFO django.server (212) "GET /mainapp/ HTTP/1.1" 200 20362
[2023-12-25 07:22:32,049] WARNING django.request (241) Not Found: /favicon.ico
[2023-12-25 07:27:48,883] WARNING django.request (241) Not Found: /favicon.ico
[2023-12-25 07:31:39,258] WARNING django.request (241) Not Found: /favicon.ico
[2023-12-25 07:32:10,725] WARNING django.request (241) Not Found: /favicon.ico
[2023-12-25 07:32:40,584] WARNING django.request (241) Not Found: /favicon.ico
[2023-12-25 07:38:06,196] WARNING django.request (241) Not Found: /favicon.ico
[2023-12-25 07:41:43,397] WARNING django.request (241) Not Found: /favicon.ico
[2023-12-25 07:43:14,861] WARNING django.request (241) Not Found: /favicon.ico
[2023-12-25 07:45:54,132] WARNING django.request (241) Not Found: /favicon.ico
[2023-12-25 07:50:25,016] WARNING django.request (241) Not Found: /favicon.ico
[2023-12-25 07:52:29,444] WARNING django.request (241) Not Found: /favicon.ico
[2023-12-25 07:53:45,654] WARNING django.request (241) Not Found: /favicon.ico
[2023-12-25 07:55:21,365] WARNING django.request (241) Not Found: /favicon.ico
[2023-12-25 07:57:41,630] WARNING django.request (241) Not Found: /favicon.ico
[2023-12-25 07:59:31,707] WARNING django.request (241) Not Found: /favicon.ico
[2023-12-25 17:39:02,710] INFO django.utils.autoreload (668) Watching for file changes with StatReloader
[2023-12-25 17:48:46,286] WARNING django.request (241) Not Found: /favicon.ico
[2023-12-25 17:48:53,174] WARNING django.request (241) Not Found: /favicon.ico
[2023-12-25 17:54:00,436] WARNING django.request (241) Not Found: /favicon.ico
[2023-12-25 17:54:07,381] WARNING django.request (241) Not Found: /favicon.ico
[2023-12-25 17:55:40,748] WARNING django.request (241) Not Found: /favicon.ico
[2023-12-25 17:55:48,004] WARNING django.request (241) Not Found: /favicon.ico
[2023-12-25 17:59:28,971] WARNING django.request (241) Not Found: /favicon.ico
[2023-12-25 17:59:30,765] WARNING django.request (241) Not Found: /favicon.ico
[2023-12-25 18:00:04,099] INFO django.utils.autoreload (668) Watching for file changes with StatReloader
[2023-12-25 18:01:26,536] INFO django.utils.autoreload (668) Watching for file changes with StatReloader
[2023-12-25 18:01:36,706] WARNING django.request (241) Not Found: /favicon.ico
[2023-12-25 18:01:48,569] WARNING django.request (241) Not Found: /favicon.ico
[2023-12-25 18:04:24,633] INFO django.utils.autoreload (668) Watching for file changes with StatReloader
[2023-12-25 18:04:32,151] WARNING django.request (241) Not Found: /favicon.ico
[2023-12-25 18:04:35,314] WARNING django.request (241) Not Found: /favicon.ico
[2023-12-25 18:10:35,324] WARNING django.request (241) Not Found: /favicon.ico
[2023-12-25 18:10:38,524] WARNING django.request (241) Not Found: /favicon.ico
[2023-12-25 18:12:15,715] WARNING django.request (241) Not Found: /favicon.ico
[2023-12-25 18:12:19,188] WARNING django.request (241) Not Found: /favicon.ico
[2023-12-25 18:12:47,578] WARNING django.request (241) Not Found: /favicon.ico
[2023-12-25 18:12:50,943] WARNING django.request (241) Not Found: /favicon.ico
[2023-12-25 18:18:06,775] INFO django.utils.autoreload (266) /home/mack/git/ed_portal/mainapp/views.py changed, reloading.
[2023-12-25 18:18:07,469] INFO django.utils.autoreload (668) Watching for file changes with StatReloader
[2023-12-25 18:21:11,160] WARNING django.request (241) Not Found: /favicon.ico
[2023-12-25 18:21:14,393] WARNING django.request (241) Not Found: /favicon.ico
[2023-12-26 14:44:58,533] INFO django.utils.autoreload (668) Watching for file changes with StatReloader
[2023-12-26 14:45:01,464] INFO django.server (212) "GET / HTTP/1.1" 302 0
[2023-12-26 14:45:01,717] INFO django.server (212) "GET /mainapp/ HTTP/1.1" 200 20365
[2023-12-26 14:45:01,952] INFO django.server (212) "GET /static/css/bootstrap.min.css HTTP/1.1" 200 167943
[2023-12-26 14:45:01,981] INFO django.server (212) "GET /static/css/Chart.min.css HTTP/1.1" 200 521
[2023-12-26 14:45:01,997] INFO django.server (212) "GET /static/css/fontawesome.all.min.css HTTP/1.1" 200 59344
[2023-12-26 14:45:02,010] INFO django.server (212) "GET /static/debug_toolbar/js/toolbar.js HTTP/1.1" 200 13404
[2023-12-26 14:45:02,118] INFO django.server (212) "GET /static/js/jquery-3.6.0.min.js HTTP/1.1" 200 89501
[2023-12-26 14:45:02,129] INFO django.server (212) "GET /static/js/popper.min.js HTTP/1.1" 200 21233
[2023-12-26 14:45:02,131] INFO django.server (212) "GET /static/js/bootstrap.min.js HTTP/1.1" 200 63467
[2023-12-26 14:45:02,138] INFO django.server (212) "GET /static/js/Chart.min.js HTTP/1.1" 200 173077
[2023-12-26 14:45:02,142] INFO django.server (212) "GET /static/js/fontawesome.all.min.js HTTP/1.1" 200 1195450
[2023-12-26 14:45:02,158] INFO django.server (212) "GET /static/debug_toolbar/css/toolbar.css HTTP/1.1" 200 12621
[2023-12-26 14:45:02,414] INFO django.server (212) "GET /static/img/logo.png HTTP/1.1" 200 4016
[2023-12-26 14:45:02,486] INFO django.server (212) "GET /static/img/slider001.jpg HTTP/1.1" 200 183079
[2023-12-26 14:45:02,584] INFO django.server (212) "GET /static/img/slider002.jpg HTTP/1.1" 200 3087732
[2023-12-26 14:45:02,586] INFO django.server (212) "GET /static/img/slider003.jpg HTTP/1.1" 200 2863995
[2023-12-26 14:45:03,688] INFO django.server (212) "GET /static/img/user001.png HTTP/1.1" 200 24384
[2023-12-26 14:45:03,689] INFO django.server (212) "GET /static/img/user002.png HTTP/1.1" 200 20918
[2023-12-26 14:45:03,726] INFO django.server (212) "GET /static/img/user003.png HTTP/1.1" 200 23170
[2023-12-26 14:45:03,806] INFO django.server (212) "GET /static/img/promo001.jpg HTTP/1.1" 200 69037
[2023-12-26 14:45:03,821] INFO django.server (212) "GET /static/debug_toolbar/js/utils.js HTTP/1.1" 200 4527
[2023-12-26 14:45:03,873] INFO django.server (212) "GET /static/img/promo003.jpg HTTP/1.1" 200 69825
[2023-12-26 14:45:03,874] INFO django.server (212) "GET /static/img/promo002.jpg HTTP/1.1" 200 54342
[2023-12-26 14:45:03,896] INFO django.server (212) "GET /static/debug_toolbar/css/print.css HTTP/1.1" 200 43
[2023-12-26 14:45:03,897] INFO django.server (212) "GET /static/webfonts/fa-brands-400.woff2 HTTP/1.1" 200 76764
[2023-12-26 14:45:03,991] WARNING django.request (241) Not Found: /favicon.ico
[2023-12-26 14:45:03,991] WARNING django.server (212) "GET /favicon.ico HTTP/1.1" 404 12201
[2023-12-26 14:45:06,884] INFO django.server (212) "POST /i18n/setlang/ HTTP/1.1" 302 0
[2023-12-26 14:45:06,913] INFO django.server (212) "GET /mainapp/ HTTP/1.1" 200 20362
[2023-12-26 14:45:08,576] INFO django.server (212) "POST /i18n/setlang/ HTTP/1.1" 302 0
[2023-12-26 14:45:08,600] INFO django.server (212) "GET /mainapp/ HTTP/1.1" 200 21176
[2023-12-26 14:45:09,651] INFO django.server (212) "GET /mainapp/ HTTP/1.1" 200 21176
[2023-12-26 14:45:11,716] INFO django.server (212) "GET /authapp/login/ HTTP/1.1" 200 18054
[2023-12-26 14:45:20,211] INFO django.server (212) "POST /authapp/login/ HTTP/1.1" 200 22958
[2023-12-26 14:45:20,302] INFO django.server (212) "GET /static/webfonts/fa-regular-400.woff2 HTTP/1.1" 200 13276
[2023-12-26 14:45:30,165] INFO django.server (212) "POST /authapp/login/ HTTP/1.1" 200 22958
[2023-12-26 14:45:42,054] INFO django.server (212) "GET / HTTP/1.1" 302 0
[2023-12-26 14:45:42,079] INFO django.server (212) "GET /mainapp/ HTTP/1.1" 200 21176
[2023-12-26 14:45:44,514] INFO django.server (212) "GET /admin/ HTTP/1.1" 302 0
[2023-12-26 14:45:44,570] INFO django.server (212) "GET /admin/login/?next=/admin/ HTTP/1.1" 200 14439
[2023-12-26 14:45:44,680] INFO django.server (212) "GET /static/admin/css/base.css HTTP/1.1" 200 21207
[2023-12-26 14:45:44,681] INFO django.server (212) "GET /static/admin/css/nav_sidebar.css HTTP/1.1" 200 2694
[2023-12-26 14:45:44,695] INFO django.server (212) "GET /static/admin/css/responsive.css HTTP/1.1" 200 18533
[2023-12-26 14:45:44,696] INFO django.server (212) "GET /static/admin/css/dark_mode.css HTTP/1.1" 200 2929
[2023-12-26 14:45:44,697] INFO django.server (212) "GET /static/admin/css/login.css HTTP/1.1" 200 958
[2023-12-26 14:45:44,702] INFO django.server (212) "GET /static/admin/js/theme.js HTTP/1.1" 200 1943
[2023-12-26 14:45:44,707] INFO django.server (212) "GET /static/admin/js/nav_sidebar.js HTTP/1.1" 200 3063
[2023-12-26 14:45:49,708] INFO django.server (212) "POST /admin/login/?next=/admin/ HTTP/1.1" 200 14704
[2023-12-26 14:47:54,332] INFO django.server (212) "GET / HTTP/1.1" 302 0
[2023-12-26 14:47:54,365] INFO django.server (212) "GET /mainapp/ HTTP/1.1" 200 21176
[2023-12-26 14:47:56,686] INFO django.server (212) "GET /authapp/login/ HTTP/1.1" 200 18054
[2023-12-26 14:48:00,643] INFO django.server (212) "POST /authapp/login/ HTTP/1.1" 302 0
[2023-12-26 14:48:00,691] INFO django.server (212) "GET /mainapp/ HTTP/1.1" 200 23012
[2023-12-26 14:48:04,952] INFO django.server (212) "GET /mainapp/log_view/ HTTP/1.1" 200 38367
[2023-12-26 14:48:12,578] INFO django.server (212) "GET /mainapp/contacts/ HTTP/1.1" 200 23053
[2023-12-26 14:48:22,939] INFO django.server (212) "GET /mainapp/contacts/ HTTP/1.1" 200 23053
[2023-12-26 14:48:26,567] INFO django.server (212) "POST /mainapp/contacts/ HTTP/1.1" 302 0
[2023-12-26 14:48:26,608] INFO django.server (212) "GET /mainapp/contacts/ HTTP/1.1" 200 23927
[2023-12-26 14:49:26,456] INFO django.server (212) "POST /mainapp/contacts/ HTTP/1.1" 302 0
[2023-12-26 14:49:26,500] INFO django.server (212) "GET /mainapp/contacts/ HTTP/1.1" 200 23927
[2023-12-26 14:49:49,067] INFO django.server (212) "GET /authapp/profile_edit/1/ HTTP/1.1" 200 19242
[2023-12-26 14:49:49,143] WARNING django.request (241) Not Found: /media/avatar_default.svg
[2023-12-26 14:49:49,144] WARNING django.server (212) "GET /media/avatar_default.svg HTTP/1.1" 404 13147
[2023-12-26 14:49:54,289] INFO django.server (212) "POST /authapp/profile_edit/1/ HTTP/1.1" 302 0
[2023-12-26 14:49:54,330] INFO django.server (212) "GET /authapp/profile_edit/1/ HTTP/1.1" 200 19239
[2023-12-26 14:49:54,441] WARNING django.request (241) Not Found: /media/avatar_default.svg
[2023-12-26 14:49:54,443] WARNING django.server (212) "GET /media/avatar_default.svg HTTP/1.1" 404 13147
[2023-12-26 14:49:56,196] INFO django.server (212) "GET /mainapp/contacts/ HTTP/1.1" 200 23053
[2023-12-26 14:50:04,711] INFO django.server (212) "POST /mainapp/contacts/ HTTP/1.1" 302 0
[2023-12-26 14:50:04,758] INFO django.server (212) "GET /mainapp/contacts/ HTTP/1.1" 200 23927
[2023-12-26 14:50:24,150] INFO django.server (212) "GET /mainapp/news/ HTTP/1.1" 200 23282
[2023-12-26 14:50:26,598] INFO django.server (212) "GET /mainapp/news/1/detail HTTP/1.1" 200 17914
[2023-12-26 14:50:30,118] INFO django.server (212) "GET /mainapp/news/ HTTP/1.1" 200 23282
[2023-12-26 14:50:32,883] INFO django.server (212) "GET /mainapp/news/create/ HTTP/1.1" 200 18422
[2023-12-26 14:50:38,080] INFO django.server (212) "POST /mainapp/news/create/ HTTP/1.1" 302 0
[2023-12-26 14:50:38,117] INFO django.server (212) "GET /mainapp/news/ HTTP/1.1" 200 23115
[2023-12-26 14:50:40,388] INFO django.server (212) "GET /mainapp/courses/ HTTP/1.1" 200 19169
[2023-12-26 14:50:40,433] INFO django.server (212) "GET /static/img/course001.jpg HTTP/1.1" 200 166562
[2023-12-26 14:50:40,466] INFO django.server (212) "GET /static/img/course003.jpg HTTP/1.1" 200 203887
[2023-12-26 14:50:40,467] INFO django.server (212) "GET /static/img/course007.jpg HTTP/1.1" 200 112359
[2023-12-26 14:50:40,468] INFO django.server (212) "GET /static/img/course004.jpg HTTP/1.1" 200 89109
[2023-12-26 14:50:40,475] INFO django.server (212) "GET /static/img/course002.jpg HTTP/1.1" 200 191482
[2023-12-26 14:50:40,477] INFO django.server (212) "GET /static/img/course005.jpg HTTP/1.1" 200 250218
[2023-12-26 14:50:40,479] INFO django.server (212) "GET /static/img/course006.jpg HTTP/1.1" 200 105671
[2023-12-26 14:50:43,001] DEBUG mainapp.views (72) Yet another log message
[2023-12-26 14:50:43,118] INFO django.server (212) "GET /mainapp/courses/1/ HTTP/1.1" 200 29386
[2023-12-26 14:50:43,160] INFO django.server (212) "GET /static/img/no_image.svg HTTP/1.1" 200 1709
[2023-12-26 14:50:52,235] INFO django.server (212) "GET /admin/ HTTP/1.1" 200 18700
[2023-12-26 14:50:52,301] INFO django.server (212) "GET /static/admin/css/dashboard.css HTTP/1.1" 200 441
[2023-12-26 14:50:52,363] INFO django.server (212) "GET /static/admin/img/icon-addlink.svg HTTP/1.1" 200 331
[2023-12-26 14:50:52,364] INFO django.server (212) "GET /static/admin/img/icon-changelink.svg HTTP/1.1" 200 380
[2023-12-26 14:50:56,392] INFO django.server (212) "GET /mainapp/log_view/ HTTP/1.1" 200 42413
[2023-12-26 14:50:59,046] INFO django.server (212) "GET /mainapp/contacts/ HTTP/1.1" 200 23053
[2023-12-26 14:50:59,443] INFO django.server (212) "GET /mainapp/contacts/ HTTP/1.1" 200 23053
[2023-12-26 14:51:08,083] INFO django.server (212) "GET /mainapp/doc_site/ HTTP/1.1" 200 18697
[2023-12-26 14:57:15,378] INFO django.server (212) "GET /mainapp/contacts/ HTTP/1.1" 200 23053
[2023-12-26 14:57:17,168] INFO django.server (212) "GET /mainapp/contacts/ HTTP/1.1" 200 23053
[2023-12-26 14:57:18,932] INFO django.server (212) "GET /mainapp/contacts/ HTTP/1.1" 200 23053
[2023-12-26 14:57:19,074] INFO django.server (212) "GET /static/css/Chart.min.css HTTP/1.1" 200 521
[2023-12-26 14:57:19,080] INFO django.server (212) "GET /static/css/bootstrap.min.css HTTP/1.1" 200 167943
[2023-12-26 14:57:19,080] INFO django.server (212) "GET /static/debug_toolbar/js/toolbar.js HTTP/1.1" 200 13404
[2023-12-26 14:57:19,083] INFO django.server (212) "GET /static/css/fontawesome.all.min.css HTTP/1.1" 200 59344
[2023-12-26 14:57:19,084] INFO django.server (212) "GET /static/js/popper.min.js HTTP/1.1" 200 21233
[2023-12-26 14:57:19,085] INFO django.server (212) "GET /static/js/jquery-3.6.0.min.js HTTP/1.1" 200 89501
[2023-12-26 14:57:19,094] INFO django.server (212) "GET /static/js/Chart.min.js HTTP/1.1" 200 173077
[2023-12-26 14:57:19,096] INFO django.server (212) "GET /static/js/bootstrap.min.js HTTP/1.1" 200 63467
[2023-12-26 14:57:19,100] INFO django.server (212) "GET /static/img/logo.png HTTP/1.1" 200 30634
[2023-12-26 14:57:19,101] INFO django.server (212) "GET /static/debug_toolbar/css/toolbar.css HTTP/1.1" 200 12621
[2023-12-26 14:57:19,105] INFO django.server (212) "GET /static/js/fontawesome.all.min.js HTTP/1.1" 200 1195450
[2023-12-26 14:57:19,217] INFO django.server (212) "GET /static/webfonts/fa-brands-400.woff2 HTTP/1.1" 200 76764
[2023-12-26 14:57:19,237] INFO django.server (212) "GET /static/debug_toolbar/js/utils.js HTTP/1.1" 200 4527
[2023-12-26 14:57:19,242] INFO django.server (212) "GET /static/debug_toolbar/css/print.css HTTP/1.1" 200 43
[2023-12-26 14:57:20,122] WARNING django.request (241) Not Found: /favicon.ico
[2023-12-26 14:57:20,122] WARNING django.server (212) "GET /favicon.ico HTTP/1.1" 404 13009
[2023-12-26 14:57:21,930] INFO django.server (212) "GET /mainapp/ HTTP/1.1" 200 22150
[2023-12-26 14:59:37,000] INFO django.server (212) "GET /mainapp/ HTTP/1.1" 200 22150
[2023-12-26 14:59:37,038] INFO django.server (212) "GET /static/img/logo.png HTTP/1.1" 200 10402
[2023-12-26 14:59:38,201] INFO django.server (212) "GET /mainapp/ HTTP/1.1" 200 22150
[2023-12-26 14:59:38,367] INFO django.server (212) "GET /mainapp/ HTTP/1.1" 200 22150
[2023-12-26 14:59:38,506] INFO django.server (212) "GET /mainapp/ HTTP/1.1" 200 22150
[2023-12-26 15:00:44,508] INFO django.server (212) "GET /mainapp/doc_site/ HTTP/1.1" 200 18800
[2023-12-26 15:00:44,653] INFO django.server (212) "GET /mainapp/doc_site/ HTTP/1.1" 200 18800
[2023-12-26 15:00:44,775] INFO django.server (212) "GET /mainapp/doc_site/ HTTP/1.1" 200 18800
[2023-12-26 15:00:52,928] INFO django.server (212) "GET /mainapp/ HTTP/1.1" 200 22253
[2023-12-26 15:00:55,280] INFO django.server (212) "GET /mainapp/ HTTP/1.1" 200 22253
[2023-12-26 15:00:55,438] INFO django.server (212) "GET /mainapp/ HTTP/1.1" 200 22253
[2023-12-26 15:00:58,302] INFO django.server (212) "GET /mainapp/ HTTP/1.1" 200 22253
[2023-12-26 15:00:58,353] INFO django.server (212) "GET /static/css/Chart.min.css HTTP/1.1" 200 521
[2023-12-26 15:00:58,355] INFO django.server (212) "GET /static/debug_toolbar/js/toolbar.js HTTP/1.1" 200 13404
[2023-12-26 15:00:58,357] INFO django.server (212) "GET /static/css/bootstrap.min.css HTTP/1.1" 200 167943
[2023-12-26 15:00:58,357] INFO django.server (212) "GET /static/css/fontawesome.all.min.css HTTP/1.1" 200 59344
[2023-12-26 15:00:58,393] INFO django.server (212) "GET /static/js/popper.min.js HTTP/1.1" 200 21233
[2023-12-26 15:00:58,394] INFO django.server (212) "GET /static/js/bootstrap.min.js HTTP/1.1" 200 63467
[2023-12-26 15:00:58,394] INFO django.server (212) "GET /static/js/jquery-3.6.0.min.js HTTP/1.1" 200 89501
[2023-12-26 15:00:58,397] INFO django.server (212) "GET /static/js/Chart.min.js HTTP/1.1" 200 173077
[2023-12-26 15:00:58,408] INFO django.server (212) "GET /static/debug_toolbar/css/toolbar.css HTTP/1.1" 200 12621
[2023-12-26 15:00:58,411] INFO django.server (212) "GET /static/img/logo.png HTTP/1.1" 200 10402
[2023-12-26 15:00:58,413] INFO django.server (212) "GET /static/js/fontawesome.all.min.js HTTP/1.1" 200 1195450
[2023-12-26 15:00:58,413] INFO django.server (212) "GET /static/img/slider001.jpg HTTP/1.1" 200 183079
[2023-12-26 15:00:58,433] INFO django.server (212) "GET /static/img/slider002.jpg HTTP/1.1" 200 3087732
[2023-12-26 15:00:58,478] INFO django.server (212) "GET /static/img/user001.png HTTP/1.1" 200 24384
[2023-12-26 15:00:58,483] INFO django.server (212) "GET /static/img/user002.png HTTP/1.1" 200 20918
[2023-12-26 15:00:58,486] INFO django.server (212) "GET /mainapp/ HTTP/1.1" 200 22253
[2023-12-26 15:00:58,487] INFO django.server (212) "GET /static/img/user003.png HTTP/1.1" 200 23170
[2023-12-26 15:00:58,487] INFO django.server (212) "GET /static/webfonts/fa-brands-400.woff2 HTTP/1.1" 200 76764
[2023-12-26 15:00:58,495] INFO django.server (212) "GET /static/img/promo001.jpg HTTP/1.1" 200 69037
[2023-12-26 15:00:58,497] INFO django.server (212) "GET /static/img/slider003.jpg HTTP/1.1" 200 2863995
[2023-12-26 15:00:58,503] INFO django.server (212) "GET /static/img/promo002.jpg HTTP/1.1" 200 54342
[2023-12-26 15:00:58,526] INFO django.server (212) "GET /static/img/promo003.jpg HTTP/1.1" 200 69825
[2023-12-26 15:00:58,550] INFO django.server (212) "GET /static/debug_toolbar/css/print.css HTTP/1.1" 200 43
[2023-12-26 15:00:58,600] INFO django.server (212) "GET /static/css/Chart.min.css HTTP/1.1" 200 521
[2023-12-26 15:00:58,601] INFO django.server (212) "GET /static/css/bootstrap.min.css HTTP/1.1" 200 167943
[2023-12-26 15:00:58,601] INFO django.server (212) "GET /static/css/fontawesome.all.min.css HTTP/1.1" 200 59344
[2023-12-26 15:00:58,645] INFO django.server (212) "GET /static/js/popper.min.js HTTP/1.1" 200 21233
[2023-12-26 15:00:58,655] INFO django.server (212) "GET /static/debug_toolbar/js/toolbar.js HTTP/1.1" 200 13404
[2023-12-26 15:00:58,656] INFO django.server (212) "GET /static/js/bootstrap.min.js HTTP/1.1" 200 63467
[2023-12-26 15:00:58,656] INFO django.server (212) "GET /static/js/jquery-3.6.0.min.js HTTP/1.1" 200 89501
[2023-12-26 15:00:58,676] INFO django.server (212) "GET /static/js/Chart.min.js HTTP/1.1" 200 173077
[2023-12-26 15:00:58,676] INFO django.server (212) "GET /static/js/fontawesome.all.min.js HTTP/1.1" 200 1195450
[2023-12-26 15:00:58,699] INFO django.server (212) "GET /mainapp/ HTTP/1.1" 200 22254
[2023-12-26 15:00:58,700] INFO django.server (212) "GET /static/debug_toolbar/css/toolbar.css HTTP/1.1" 200 12621
[2023-12-26 15:00:58,709] INFO django.server (212) "GET /static/img/user001.png HTTP/1.1" 200 24384
[2023-12-26 15:00:58,711] INFO django.server (212) "GET /static/img/user002.png HTTP/1.1" 200 20918
[2023-12-26 15:00:58,717] INFO django.server (212) "GET /static/webfonts/fa-brands-400.woff2 HTTP/1.1" 200 76764
[2023-12-26 15:00:58,720] INFO django.server (212) "GET /static/img/logo.png HTTP/1.1" 200 10402
[2023-12-26 15:00:58,723] INFO django.server (212) "GET /static/img/user003.png HTTP/1.1" 200 23170
[2023-12-26 15:00:58,752] INFO django.server (212) "GET /static/img/slider001.jpg HTTP/1.1" 200 183079
[2023-12-26 15:00:58,774] INFO django.server (212) "GET /static/img/slider002.jpg HTTP/1.1" 200 3087732
[2023-12-26 15:00:58,802] INFO django.server (212) "GET /static/debug_toolbar/js/utils.js HTTP/1.1" 200 4527
[2023-12-26 15:00:58,804] INFO django.server (212) "GET /static/img/promo002.jpg HTTP/1.1" 200 54342
[2023-12-26 15:00:58,806] INFO django.server (212) "GET /static/img/promo001.jpg HTTP/1.1" 200 69037
[2023-12-26 15:00:58,810] INFO django.server (212) "GET /static/img/promo003.jpg HTTP/1.1" 200 69825
[2023-12-26 15:00:58,815] INFO django.server (212) "GET /static/debug_toolbar/css/print.css HTTP/1.1" 200 43
[2023-12-26 15:00:58,817] INFO django.server (212) "GET /static/img/slider003.jpg HTTP/1.1" 200 2863995
[2023-12-26 15:00:58,838] INFO django.server (212) "GET /mainapp/ HTTP/1.1" 200 22253
[2023-12-26 15:00:58,890] WARNING django.request (241) Not Found: /favicon.ico
[2023-12-26 15:00:58,891] WARNING django.server (212) "GET /favicon.ico HTTP/1.1" 404 13009
[2023-12-26 15:00:58,931] INFO django.server (212) "GET /static/css/Chart.min.css HTTP/1.1" 200 521
[2023-12-26 15:00:58,933] INFO django.server (212) "GET /static/css/bootstrap.min.css HTTP/1.1" 200 167943
[2023-12-26 15:00:58,934] INFO django.server (212) "GET /static/css/fontawesome.all.min.css HTTP/1.1" 200 59344
[2023-12-26 15:00:58,978] INFO django.server (212) "GET /static/debug_toolbar/js/toolbar.js HTTP/1.1" 200 13404
[2023-12-26 15:00:58,978] INFO django.server (212) "GET /static/js/popper.min.js HTTP/1.1" 200 21233
[2023-12-26 15:00:58,979] INFO django.server (212) "GET /static/js/jquery-3.6.0.min.js HTTP/1.1" 200 89501
[2023-12-26 15:00:58,981] INFO django.server (212) "GET /static/js/bootstrap.min.js HTTP/1.1" 200 63467
[2023-12-26 15:00:58,985] INFO django.server (212) "GET /static/js/Chart.min.js HTTP/1.1" 200 173077
[2023-12-26 15:00:58,986] INFO django.server (212) "GET /static/js/fontawesome.all.min.js HTTP/1.1" 200 1195450
[2023-12-26 15:00:58,992] INFO django.server (212) "GET /static/debug_toolbar/css/toolbar.css HTTP/1.1" 200 12621
[2023-12-26 15:00:58,998] INFO django.server (212) "GET /static/img/logo.png HTTP/1.1" 200 10402
[2023-12-26 15:00:59,001] INFO django.server (212) "GET /static/webfonts/fa-brands-400.woff2 HTTP/1.1" 200 76764
[2023-12-26 15:00:59,014] INFO django.server (212) "GET /static/img/slider001.jpg HTTP/1.1" 200 183079
[2023-12-26 15:00:59,021] INFO django.server (212) "GET /static/img/slider002.jpg HTTP/1.1" 200 3087732
[2023-12-26 15:00:59,047] INFO django.server (212) "GET /static/img/user001.png HTTP/1.1" 200 24384
[2023-12-26 15:00:59,049] INFO django.server (212) "GET /static/img/slider003.jpg HTTP/1.1" 200 2863995
[2023-12-26 15:00:59,051] INFO django.server (212) "GET /static/img/user002.png HTTP/1.1" 200 20918
[2023-12-26 15:00:59,056] INFO django.server (212) "GET /static/img/user003.png HTTP/1.1" 200 23170
[2023-12-26 15:00:59,092] INFO django.server (212) "GET /static/img/promo001.jpg HTTP/1.1" 200 69037
[2023-12-26 15:00:59,095] INFO django.server (212) "GET /static/img/promo002.jpg HTTP/1.1" 200 54342
[2023-12-26 15:00:59,109] INFO django.server (212) "GET /static/img/promo003.jpg HTTP/1.1" 200 69825
[2023-12-26 15:00:59,148] INFO django.server (212) "GET /static/debug_toolbar/css/print.css HTTP/1.1" 200 43
[2023-12-26 15:00:59,157] INFO django.server (212) "GET /static/debug_toolbar/js/utils.js HTTP/1.1" 200 4527
[2023-12-26 15:00:59,638] WARNING django.request (241) Not Found: /favicon.ico
[2023-12-26 15:00:59,638] WARNING django.server (212) "GET /favicon.ico HTTP/1.1" 404 13011
[2023-12-26 15:01:03,679] INFO django.server (212) "POST /i18n/setlang/ HTTP/1.1" 302 0
[2023-12-26 15:01:03,709] INFO django.server (212) "GET /mainapp/ HTTP/1.1" 200 22253
[2023-12-26 15:01:05,604] INFO django.server (212) "POST /i18n/setlang/ HTTP/1.1" 302 0
[2023-12-26 15:01:05,639] INFO django.server (212) "GET /mainapp/ HTTP/1.1" 200 21439
[2023-12-26 15:01:57,325] INFO django.server (212) "GET /mainapp/ HTTP/1.1" 200 21436
[2023-12-26 15:01:57,397] INFO django.server (212) "GET /static/img/logo.png HTTP/1.1" 304 0
[2023-12-26 15:01:59,605] INFO django.server (212) "POST /i18n/setlang/ HTTP/1.1" 302 0
[2023-12-26 15:01:59,638] INFO django.server (212) "GET /mainapp/ HTTP/1.1" 200 21436
[2023-12-26 15:02:02,060] INFO django.server (212) "POST /i18n/setlang/ HTTP/1.1" 302 0
[2023-12-26 15:02:02,094] INFO django.server (212) "GET /mainapp/ HTTP/1.1" 200 22253
[2023-12-26 15:02:47,769] INFO django.server (212) "GET /mainapp/ HTTP/1.1" 200 22253
[2023-12-26 15:02:47,816] INFO django.server (212) "GET /static/img/logo.png HTTP/1.1" 304 0
[2023-12-26 15:02:49,641] INFO django.server (212) "POST /i18n/setlang/ HTTP/1.1" 302 0
[2023-12-26 15:02:49,674] INFO django.server (212) "GET /mainapp/ HTTP/1.1" 200 21421
[2023-12-26 15:02:51,801] INFO django.server (212) "POST /i18n/setlang/ HTTP/1.1" 302 0
[2023-12-26 15:02:51,834] INFO django.server (212) "GET /mainapp/ HTTP/1.1" 200 22253
[2023-12-26 15:02:53,363] INFO django.server (212) "POST /i18n/setlang/ HTTP/1.1" 302 0
[2023-12-26 15:02:53,397] INFO django.server (212) "GET /mainapp/ HTTP/1.1" 200 21421
[2023-12-26 15:03:38,159] INFO django.server (212) "GET /mainapp/contacts/ HTTP/1.1" 200 22289
[2023-12-26 15:03:38,207] INFO django.server (212) "GET /static/img/logo.png HTTP/1.1" 304 0
[2023-12-26 15:03:43,965] INFO django.server (212) "GET /mainapp/doc_site/ HTTP/1.1" 200 17968
[2023-12-26 15:05:22,151] INFO django.server (212) "GET /mainapp/doc_site/ HTTP/1.1" 200 17970
[2023-12-26 15:05:22,195] INFO django.server (212) "GET /static/debug_toolbar/js/toolbar.js HTTP/1.1" 200 13404
[2023-12-26 15:05:22,196] INFO django.server (212) "GET /static/css/Chart.min.css HTTP/1.1" 200 521
[2023-12-26 15:05:22,197] INFO django.server (212) "GET /static/css/fontawesome.all.min.css HTTP/1.1" 200 59344
[2023-12-26 15:05:22,198] INFO django.server (212) "GET /static/css/bootstrap.min.css HTTP/1.1" 200 167943
[2023-12-26 15:05:22,232] INFO django.server (212) "GET /static/js/popper.min.js HTTP/1.1" 200 21233
[2023-12-26 15:05:22,233] INFO django.server (212) "GET /static/js/bootstrap.min.js HTTP/1.1" 200 63467
[2023-12-26 15:05:22,236] INFO django.server (212) "GET /static/js/Chart.min.js HTTP/1.1" 200 173077
[2023-12-26 15:05:22,236] INFO django.server (212) "GET /static/js/jquery-3.6.0.min.js HTTP/1.1" 200 89501
[2023-12-26 15:05:22,236] INFO django.server (212) "GET /static/debug_toolbar/css/toolbar.css HTTP/1.1" 200 12621
[2023-12-26 15:05:22,240] INFO django.server (212) "GET /static/js/fontawesome.all.min.js HTTP/1.1" 200 1195450
[2023-12-26 15:05:22,251] INFO django.server (212) "GET /static/img/logo.png HTTP/1.1" 200 10402
[2023-12-26 15:05:22,294] INFO django.server (212) "GET /static/webfonts/fa-brands-400.woff2 HTTP/1.1" 200 76764
[2023-12-26 15:05:22,337] INFO django.server (212) "GET /static/debug_toolbar/css/print.css HTTP/1.1" 200 43
[2023-12-26 15:05:22,341] INFO django.server (212) "GET /static/debug_toolbar/js/utils.js HTTP/1.1" 200 4527
[2023-12-26 15:05:22,430] WARNING django.request (241) Not Found: /favicon.ico
[2023-12-26 15:05:22,431] WARNING django.server (212) "GET /favicon.ico HTTP/1.1" 404 12201
[2023-12-26 15:05:29,184] INFO django.server (212) "GET /mainapp/doc_site/ HTTP/1.1" 200 17969
[2023-12-26 15:08:02,972] INFO django.server (212) "GET /mainapp/ HTTP/1.1" 200 21422
[2023-12-26 15:08:03,065] INFO django.server (212) "GET /static/img/logo.png HTTP/1.1" 304 0
[2023-12-26 15:09:36,042] INFO django.utils.autoreload (668) Watching for file changes with StatReloader
[2023-12-26 15:09:43,438] INFO django.server (212) "GET /mainapp/ HTTP/1.1" 200 21515
[2023-12-26 15:09:43,477] INFO django.server (212) "GET /static/img/logo.png HTTP/1.1" 304 0
[2023-12-26 15:09:43,603] WARNING django.server (212) "GET /static/img/favicon.ico HTTP/1.1" 404 1804
[2023-12-26 15:09:43,682] INFO django.server (212) "GET /mainapp/ HTTP/1.1" 200 21513
[2023-12-26 15:09:43,838] INFO django.server (212) "GET /mainapp/ HTTP/1.1" 200 21513
[2023-12-26 15:09:44,035] INFO django.server (212) "GET /mainapp/ HTTP/1.1" 200 21513
[2023-12-26 15:09:44,198] INFO django.server (212) "GET /mainapp/ HTTP/1.1" 200 21513
[2023-12-26 15:09:44,433] INFO django.server (212) "GET /mainapp/ HTTP/1.1" 200 21513
[2023-12-26 15:09:44,589] INFO django.server (212) "GET /mainapp/ HTTP/1.1" 200 21513
[2023-12-26 15:09:47,608] INFO django.server (212) "GET /mainapp/ HTTP/1.1" 200 21513
[2023-12-26 15:09:47,658] INFO django.server (212) "GET /static/css/bootstrap.min.css HTTP/1.1" 200 167943
[2023-12-26 15:09:47,695] INFO django.server (212) "GET /static/css/Chart.min.css HTTP/1.1" 200 521
[2023-12-26 15:09:47,697] INFO django.server (212) "GET /static/css/fontawesome.all.min.css HTTP/1.1" 200 59344
[2023-12-26 15:09:47,700] INFO django.server (212) "GET /static/js/bootstrap.min.js HTTP/1.1" 200 63467
[2023-12-26 15:09:47,706] INFO django.server (212) "GET /static/js/popper.min.js HTTP/1.1" 200 21233
[2023-12-26 15:09:47,710] INFO django.server (212) "GET /static/js/jquery-3.6.0.min.js HTTP/1.1" 200 89501
[2023-12-26 15:09:47,711] INFO django.server (212) "GET /static/js/Chart.min.js HTTP/1.1" 200 173077
[2023-12-26 15:09:47,712] INFO django.server (212) "GET /static/debug_toolbar/js/toolbar.js HTTP/1.1" 200 13404
[2023-12-26 15:09:47,723] INFO django.server (212) "GET /static/img/logo.png HTTP/1.1" 200 10402
[2023-12-26 15:09:47,723] INFO django.server (212) "GET /static/debug_toolbar/css/toolbar.css HTTP/1.1" 200 12621
[2023-12-26 15:09:47,725] INFO django.server (212) "GET /static/js/fontawesome.all.min.js HTTP/1.1" 200 1195450
[2023-12-26 15:09:47,742] INFO django.server (212) "GET /static/img/slider001.jpg HTTP/1.1" 200 183079
[2023-12-26 15:09:47,764] INFO django.server (212) "GET /static/img/slider003.jpg HTTP/1.1" 200 2863995
[2023-12-26 15:09:47,765] INFO django.server (212) "GET /static/img/slider002.jpg HTTP/1.1" 200 3087732
[2023-12-26 15:09:47,784] INFO django.server (212) "GET /static/img/user001.png HTTP/1.1" 200 24384
[2023-12-26 15:09:47,795] INFO django.server (212) "GET /static/img/user003.png HTTP/1.1" 200 23170
[2023-12-26 15:09:47,796] INFO django.server (212) "GET /static/img/user002.png HTTP/1.1" 200 20918
[2023-12-26 15:09:47,798] INFO django.server (212) "GET /static/webfonts/fa-brands-400.woff2 HTTP/1.1" 200 76764
[2023-12-26 15:09:47,799] INFO django.server (212) "GET /static/img/promo001.jpg HTTP/1.1" 200 69037
[2023-12-26 15:09:47,814] INFO django.server (212) "GET /static/img/promo002.jpg HTTP/1.1" 200 54342
[2023-12-26 15:09:47,815] INFO django.server (212) "GET /static/img/promo003.jpg HTTP/1.1" 200 69825
[2023-12-26 15:09:47,826] INFO django.server (212) "GET /static/debug_toolbar/js/utils.js HTTP/1.1" 200 4527
[2023-12-26 15:09:47,857] INFO django.server (212) "GET /static/debug_toolbar/css/print.css HTTP/1.1" 200 43
[2023-12-26 15:09:47,930] WARNING django.server (212) "GET /static/img/favicon.ico HTTP/1.1" 404 1804
[2023-12-26 15:09:48,396] INFO django.server (212) "GET /mainapp/ HTTP/1.1" 200 21513
[2023-12-26 15:09:48,434] INFO django.server (212) "GET /static/css/fontawesome.all.min.css HTTP/1.1" 200 59344
[2023-12-26 15:09:48,436] INFO django.server (212) "GET /static/css/bootstrap.min.css HTTP/1.1" 200 167943
[2023-12-26 15:09:48,436] INFO django.server (212) "GET /static/css/Chart.min.css HTTP/1.1" 200 521
[2023-12-26 15:09:48,438] INFO django.server (212) "GET /static/debug_toolbar/js/toolbar.js HTTP/1.1" 200 13404
[2023-12-26 15:09:48,474] INFO django.server (212) "GET /static/js/popper.min.js HTTP/1.1" 200 21233
[2023-12-26 15:09:48,476] INFO django.server (212) "GET /static/js/jquery-3.6.0.min.js HTTP/1.1" 200 89501
[2023-12-26 15:09:48,477] INFO django.server (212) "GET /static/js/bootstrap.min.js HTTP/1.1" 200 63467
[2023-12-26 15:09:48,478] INFO django.server (212) "GET /static/js/Chart.min.js HTTP/1.1" 200 173077
[2023-12-26 15:09:48,482] INFO django.server (212) "GET /static/js/fontawesome.all.min.js HTTP/1.1" 200 1195450
[2023-12-26 15:09:48,485] INFO django.server (212) "GET /static/debug_toolbar/css/toolbar.css HTTP/1.1" 200 12621
[2023-12-26 15:09:48,487] INFO django.server (212) "GET /static/img/logo.png HTTP/1.1" 200 10402
[2023-12-26 15:09:48,494] INFO django.server (212) "GET /static/img/slider001.jpg HTTP/1.1" 200 183079
[2023-12-26 15:09:48,499] INFO django.server (212) "GET /static/img/slider002.jpg HTTP/1.1" 200 3087732
[2023-12-26 15:09:48,511] INFO django.server (212) "GET /static/img/slider003.jpg HTTP/1.1" 200 2863995
[2023-12-26 15:09:48,525] INFO django.server (212) "GET /static/img/user001.png HTTP/1.1" 200 24384
[2023-12-26 15:09:48,526] INFO django.server (212) "GET /static/img/user002.png HTTP/1.1" 200 20918
[2023-12-26 15:09:48,536] INFO django.server (212) "GET /static/img/user003.png HTTP/1.1" 200 23170
[2023-12-26 15:09:48,540] INFO django.server (212) "GET /static/img/promo001.jpg HTTP/1.1" 200 69037
[2023-12-26 15:09:48,541] INFO django.server (212) "GET /static/img/promo002.jpg HTTP/1.1" 200 54342
[2023-12-26 15:09:48,544] INFO django.server (212) "GET /static/img/promo003.jpg HTTP/1.1" 200 69825
[2023-12-26 15:09:48,565] INFO django.server (212) "GET /static/webfonts/fa-brands-400.woff2 HTTP/1.1" 200 76764
[2023-12-26 15:09:48,599] INFO django.server (212) "GET /mainapp/ HTTP/1.1" 200 21513
[2023-12-26 15:09:48,617] INFO django.server (212) "GET /static/debug_toolbar/js/utils.js HTTP/1.1" 200 4527
[2023-12-26 15:09:48,619] INFO django.server (212) "GET /static/debug_toolbar/css/print.css HTTP/1.1" 200 43
[2023-12-26 15:09:48,659] INFO django.server (81) - Broken pipe from ('127.0.0.1', 59456)
[2023-12-26 15:09:48,692] INFO django.server (212) "GET /static/css/bootstrap.min.css HTTP/1.1" 200 167943
[2023-12-26 15:09:48,693] INFO django.server (212) "GET /static/css/Chart.min.css HTTP/1.1" 200 521
[2023-12-26 15:09:48,695] INFO django.server (212) "GET /static/css/fontawesome.all.min.css HTTP/1.1" 200 59344
[2023-12-26 15:09:48,726] INFO django.server (212) "GET /static/debug_toolbar/js/toolbar.js HTTP/1.1" 200 13404
[2023-12-26 15:09:48,735] INFO django.server (212) "GET /static/js/popper.min.js HTTP/1.1" 200 21233
[2023-12-26 15:09:48,736] INFO django.server (212) "GET /static/js/jquery-3.6.0.min.js HTTP/1.1" 200 89501
[2023-12-26 15:09:48,740] INFO django.server (212) "GET /static/js/Chart.min.js HTTP/1.1" 200 173077
[2023-12-26 15:09:48,741] INFO django.server (212) "GET /static/debug_toolbar/css/toolbar.css HTTP/1.1" 200 12621
[2023-12-26 15:09:48,743] INFO django.server (212) "GET /static/js/bootstrap.min.js HTTP/1.1" 200 63467
[2023-12-26 15:09:48,748] INFO django.server (212) "GET /static/js/fontawesome.all.min.js HTTP/1.1" 200 1195450
[2023-12-26 15:09:48,750] INFO django.server (212) "GET /static/img/logo.png HTTP/1.1" 200 10402
[2023-12-26 15:09:48,758] INFO django.server (212) "GET /static/img/slider001.jpg HTTP/1.1" 200 183079
[2023-12-26 15:09:48,790] INFO django.server (212) "GET /static/img/user001.png HTTP/1.1" 200 24384
[2023-12-26 15:09:48,806] INFO django.server (212) "GET /static/img/slider003.jpg HTTP/1.1" 200 2863995
[2023-12-26 15:09:48,812] INFO django.server (212) "GET /static/img/user002.png HTTP/1.1" 200 20918
[2023-12-26 15:09:48,826] INFO django.server (212) "GET /mainapp/ HTTP/1.1" 200 21513
[2023-12-26 15:09:48,827] INFO django.server (212) "GET /static/webfonts/fa-brands-400.woff2 HTTP/1.1" 200 76764
[2023-12-26 15:09:48,830] INFO django.server (212) "GET /static/img/slider002.jpg HTTP/1.1" 200 3087732
[2023-12-26 15:09:48,853] INFO django.server (212) "GET /static/img/user003.png HTTP/1.1" 200 23170
[2023-12-26 15:09:48,860] INFO django.server (212) "GET /static/img/promo001.jpg HTTP/1.1" 200 69037
[2023-12-26 15:09:48,880] INFO django.server (212) "GET /static/debug_toolbar/js/utils.js HTTP/1.1" 200 4527
[2023-12-26 15:09:48,884] INFO django.server (212) "GET /static/img/promo002.jpg HTTP/1.1" 200 54342
[2023-12-26 15:09:48,894] INFO django.server (212) "GET /static/img/promo003.jpg HTTP/1.1" 200 69825
[2023-12-26 15:09:48,895] INFO django.server (212) "GET /static/debug_toolbar/css/print.css HTTP/1.1" 200 43
[2023-12-26 15:09:48,948] INFO django.server (212) "GET /static/css/bootstrap.min.css HTTP/1.1" 200 167943
[2023-12-26 15:09:48,952] INFO django.server (212) "GET /static/css/Chart.min.css HTTP/1.1" 200 521
[2023-12-26 15:09:48,954] INFO django.server (212) "GET /static/css/fontawesome.all.min.css HTTP/1.1" 200 59344
[2023-12-26 15:09:48,965] INFO django.server (212) "GET /static/debug_toolbar/js/toolbar.js HTTP/1.1" 200 13404
[2023-12-26 15:09:48,995] INFO django.server (212) "GET /static/js/popper.min.js HTTP/1.1" 200 21233
[2023-12-26 15:09:49,005] INFO django.server (212) "GET /static/js/jquery-3.6.0.min.js HTTP/1.1" 200 89501
[2023-12-26 15:09:49,005] INFO django.server (212) "GET /static/js/Chart.min.js HTTP/1.1" 200 173077
[2023-12-26 15:09:49,008] INFO django.server (212) "GET /static/js/bootstrap.min.js HTTP/1.1" 200 63467
[2023-12-26 15:09:49,012] INFO django.server (212) "GET /static/js/fontawesome.all.min.js HTTP/1.1" 200 1195450
[2023-12-26 15:09:49,019] INFO django.server (212) "GET /static/debug_toolbar/css/toolbar.css HTTP/1.1" 200 12621
[2023-12-26 15:09:49,021] INFO django.server (212) "GET /static/img/logo.png HTTP/1.1" 200 10402
[2023-12-26 15:09:49,031] INFO django.server (212) "GET /static/img/slider001.jpg HTTP/1.1" 200 183079
[2023-12-26 15:09:49,060] INFO django.server (212) "GET /static/img/user002.png HTTP/1.1" 200 20918
[2023-12-26 15:09:49,064] INFO django.server (212) "GET /static/webfonts/fa-brands-400.woff2 HTTP/1.1" 200 76764
[2023-12-26 15:09:49,068] INFO django.server (212) "GET /static/img/user003.png HTTP/1.1" 200 23170
[2023-12-26 15:09:49,075] INFO django.server (212) "GET /static/img/user001.png HTTP/1.1" 200 24384
[2023-12-26 15:09:49,083] INFO django.server (212) "GET /static/img/slider002.jpg HTTP/1.1" 200 3087732
[2023-12-26 15:09:49,102] INFO django.server (212) "GET /static/img/slider003.jpg HTTP/1.1" 200 2863995
[2023-12-26 15:09:49,103] INFO django.server (212) "GET /static/img/promo001.jpg HTTP/1.1" 200 69037
[2023-12-26 15:09:49,138] INFO django.server (212) "GET /static/img/promo002.jpg HTTP/1.1" 200 54342
[2023-12-26 15:09:49,143] INFO django.server (212) "GET /static/img/promo003.jpg HTTP/1.1" 200 69825
[2023-12-26 15:09:49,145] INFO django.server (212) "GET /static/debug_toolbar/css/print.css HTTP/1.1" 200 43
[2023-12-26 15:09:49,146] INFO django.server (212) "GET /static/debug_toolbar/js/utils.js HTTP/1.1" 200 4527
[2023-12-26 15:09:49,217] WARNING django.server (212) "GET /static/img/favicon.ico HTTP/1.1" 404 1804
[2023-12-26 15:10:37,648] INFO django.utils.autoreload (668) Watching for file changes with StatReloader
[2023-12-26 15:10:41,581] INFO django.server (212) "GET /mainapp/ HTTP/1.1" 200 21515
[2023-12-26 15:10:41,784] INFO django.server (212) "GET /mainapp/ HTTP/1.1" 200 21513
[2023-12-26 15:10:42,737] INFO django.server (212) "GET /mainapp/ HTTP/1.1" 200 21513
[2023-12-26 15:10:42,890] INFO django.server (212) "GET /mainapp/ HTTP/1.1" 200 21513
[2023-12-26 15:10:44,812] INFO django.server (212) "GET /mainapp/ HTTP/1.1" 200 21513
[2023-12-26 15:10:44,851] INFO django.server (212) "GET /static/css/Chart.min.css HTTP/1.1" 200 521
[2023-12-26 15:10:44,862] INFO django.server (212) "GET /static/css/bootstrap.min.css HTTP/1.1" 200 167943
[2023-12-26 15:10:44,862] INFO django.server (212) "GET /static/css/fontawesome.all.min.css HTTP/1.1" 200 59344
[2023-12-26 15:10:44,863] INFO django.server (212) "GET /static/debug_toolbar/js/toolbar.js HTTP/1.1" 200 13404
[2023-12-26 15:10:44,946] INFO django.server (212) "GET /static/js/popper.min.js HTTP/1.1" 200 21233
[2023-12-26 15:10:44,947] INFO django.server (212) "GET /static/debug_toolbar/css/toolbar.css HTTP/1.1" 200 12621
[2023-12-26 15:10:44,948] INFO django.server (212) "GET /static/js/jquery-3.6.0.min.js HTTP/1.1" 200 89501
[2023-12-26 15:10:44,950] INFO django.server (212) "GET /static/js/bootstrap.min.js HTTP/1.1" 200 63467
[2023-12-26 15:10:44,952] INFO django.server (212) "GET /static/js/Chart.min.js HTTP/1.1" 200 173077
[2023-12-26 15:10:44,953] INFO django.server (212) "GET /static/js/fontawesome.all.min.js HTTP/1.1" 200 1195450
[2023-12-26 15:10:44,960] INFO django.server (212) "GET /static/img/logo.png HTTP/1.1" 200 10402
[2023-12-26 15:10:44,980] INFO django.server (212) "GET /static/img/user002.png HTTP/1.1" 200 20918
[2023-12-26 15:10:44,981] INFO django.server (212) "GET /static/img/user001.png HTTP/1.1" 200 24384
[2023-12-26 15:10:44,982] INFO django.server (212) "GET /static/webfonts/fa-brands-400.woff2 HTTP/1.1" 200 76764
[2023-12-26 15:10:44,990] INFO django.server (212) "GET /static/img/slider001.jpg HTTP/1.1" 200 183079
[2023-12-26 15:10:44,992] INFO django.server (212) "GET /static/img/user003.png HTTP/1.1" 200 23170
[2023-12-26 15:10:45,002] INFO django.server (212) "GET /static/img/slider002.jpg HTTP/1.1" 200 3087732
[2023-12-26 15:10:45,025] INFO django.server (212) "GET /static/img/slider003.jpg HTTP/1.1" 200 2863995
[2023-12-26 15:10:45,045] INFO django.server (212) "GET /static/debug_toolbar/js/utils.js HTTP/1.1" 200 4527
[2023-12-26 15:10:45,055] INFO django.server (212) "GET /static/img/promo001.jpg HTTP/1.1" 200 69037
[2023-12-26 15:10:45,057] INFO django.server (212) "GET /static/img/promo003.jpg HTTP/1.1" 200 69825
[2023-12-26 15:10:45,058] INFO django.server (212) "GET /static/img/promo002.jpg HTTP/1.1" 200 54342
[2023-12-26 15:10:45,068] INFO django.server (212) "GET /static/debug_toolbar/css/print.css HTTP/1.1" 200 43
[2023-12-26 15:10:45,135] INFO django.server (212) "GET /static/img/favicon.ico HTTP/1.1" 200 192115
[2023-12-26 15:10:50,079] INFO django.server (212) "GET /mainapp/ HTTP/1.1" 200 21513
[2023-12-26 15:10:53,321] INFO django.server (212) "GET /mainapp/log_view/ HTTP/1.1" 200 74075
[2023-12-26 15:10:57,858] INFO django.server (212) "GET /mainapp/contacts/ HTTP/1.1" 200 22384
[2023-12-26 15:11:04,267] INFO django.server (212) "GET /mainapp/log_view/ HTTP/1.1" 200 74285
[2023-12-26 15:11:07,468] INFO django.server (212) "GET /authapp/profile_edit/1/ HTTP/1.1" 200 18483
[2023-12-26 15:11:07,527] WARNING django.request (241) Not Found: /media/avatar_default.svg
[2023-12-26 15:11:07,527] WARNING django.server (212) "GET /media/avatar_default.svg HTTP/1.1" 404 12332
[2023-12-26 15:11:11,544] INFO django.server (212) "POST /authapp/profile_edit/1/ HTTP/1.1" 302 0
[2023-12-26 15:11:11,583] INFO django.server (212) "GET /authapp/profile_edit/1/ HTTP/1.1" 200 18485
[2023-12-26 15:11:11,692] WARNING django.request (241) Not Found: /media/avatar_default.svg
[2023-12-26 15:11:11,693] WARNING django.server (212) "GET /media/avatar_default.svg HTTP/1.1" 404 12332
[2023-12-26 15:11:12,801] INFO django.server (212) "GET /mainapp/contacts/ HTTP/1.1" 200 22384
[2023-12-26 15:11:22,551] INFO django.server (212) "POST /mainapp/contacts/ HTTP/1.1" 302 0
[2023-12-26 15:11:22,604] INFO django.server (212) "GET /mainapp/contacts/ HTTP/1.1" 200 23233
[2023-12-26 15:12:21,023] INFO django.server (212) "GET /mainapp/ HTTP/1.1" 200 21513
[2023-12-26 15:12:21,147] INFO django.server (212) "GET /static/img/logo.png HTTP/1.1" 304 0
[2023-12-26 15:12:23,376] INFO django.server (212) "POST /i18n/setlang/ HTTP/1.1" 302 0
[2023-12-26 15:12:23,415] INFO django.server (212) "GET /mainapp/ HTTP/1.1" 200 22345
[2023-12-26 15:12:25,973] INFO django.server (212) "POST /i18n/setlang/ HTTP/1.1" 302 0
[2023-12-26 15:12:26,005] INFO django.server (212) "GET /mainapp/ HTTP/1.1" 200 21513
